\BOOKMARK [1][-]{section.1}{Introduction}{}% 1
\BOOKMARK [1][-]{section.2}{Overview of Propagation Modelling}{}% 2
\BOOKMARK [2][-]{subsection.2.1}{Basic Modelling}{section.2}% 3
\BOOKMARK [2][-]{subsection.2.2}{Statistical Analysis Metrics}{section.2}% 4
\BOOKMARK [3][-]{subsubsection.2.2.1}{Prediction Error and Root Mean Square Error}{subsection.2.2}% 5
\BOOKMARK [3][-]{subsubsection.2.2.2}{Relative Error and Accuracy}{subsection.2.2}% 6
\BOOKMARK [3][-]{subsubsection.2.2.3}{Correlation Coefficient}{subsection.2.2}% 7
\BOOKMARK [1][-]{section.3}{The Full-Wave Propagation Model}{}% 8
\BOOKMARK [2][-]{subsection.3.1}{The Method of Moments}{section.3}% 9
\BOOKMARK [2][-]{subsection.3.2}{Antenna Characteristics}{section.3}% 10
\BOOKMARK [2][-]{subsection.3.3}{Influence of the Ground}{section.3}% 11
\BOOKMARK [3][-]{subsubsection.3.3.1}{Complex Permittivity}{subsection.3.3}% 12
\BOOKMARK [3][-]{subsubsection.3.3.2}{Plane Earth Reflection}{subsection.3.3}% 13
\BOOKMARK [2][-]{subsection.3.4}{Simulation Setup and Validation}{section.3}% 14
\BOOKMARK [1][-]{section.4}{Comparison of FWPM Predictions to Measured Data}{}% 15
\BOOKMARK [2][-]{subsection.4.1}{Measurements in a Controlled Environment}{section.4}% 16
\BOOKMARK [2][-]{subsection.4.2}{Case Study: Field Measurements in the Karoo}{section.4}% 17
\BOOKMARK [1][-]{section.5}{Conclusion}{}% 18
\BOOKMARK [1][-]{section*.2}{References}{}% 19
\BOOKMARK [1][-]{IEEEbiography.0}{Biographies}{}% 20
\BOOKMARK [2][-]{IEEEbiography.1}{Temwani J. Phiri}{IEEEbiography.0}% 21
\BOOKMARK [2][-]{IEEEbiography.2}{David B. Davidson}{IEEEbiography.0}% 22
\BOOKMARK [2][-]{IEEEbiography.3}{P. Gideon Wiid}{IEEEbiography.0}% 23
